<?xml version="1.0" encoding="UTF-8"?>
<testng-results ignored="0" total="1" passed="1" failed="0" skipped="0">
  <reporter-output>
  </reporter-output>
  <suite started-at="2022-04-23T20:26:35 IST" name="Default suite" finished-at="2022-04-23T20:27:03 IST" duration-ms="28327">
    <groups>
    </groups>
    <test started-at="2022-04-23T20:26:35 IST" name="Default test" finished-at="2022-04-23T20:27:03 IST" duration-ms="28327">
      <class name="testCases.VerifySignUp">
        <test-method is-config="true" signature="launchBrowser()[pri:0, instance:testCases.VerifySignUp@7e7be63f]" started-at="2022-04-23T20:26:35 IST" name="launchBrowser" finished-at="2022-04-23T20:26:46 IST" duration-ms="11068" status="PASS">
          <reporter-output>
          </reporter-output>
        </test-method> <!-- launchBrowser -->
        <test-method signature="enterdata()[pri:0, instance:testCases.VerifySignUp@7e7be63f]" started-at="2022-04-23T20:26:46 IST" name="enterdata" finished-at="2022-04-23T20:27:03 IST" duration-ms="17227" status="PASS">
          <reporter-output>
          </reporter-output>
        </test-method> <!-- enterdata -->
      </class> <!-- testCases.VerifySignUp -->
    </test> <!-- Default test -->
  </suite> <!-- Default suite -->
</testng-results>
